{"obj": {"type": "AssignString", "path": ["sys", "name"], "value": "Untitled"}, "version": 1}
{"obj": {"type": "AssignString", "path": ["sys", "description"], "value": ""}, "version": 2}
{"obj": {"type": "AssignString", "path": ["sys", "hostname"], "value": "DESKTOP-NT1DQ20"}, "version": 3}
{"obj": {"type": "AssignBool", "path": ["sys", "failed"], "value": false}, "version": 4}
{"obj": {"type": "ClearStringLog", "path": ["monitoring", "stdout"]}, "version": 5}
{"obj": {"type": "ClearStringLog", "path": ["monitoring", "stderr"]}, "version": 6}
{"obj": {"type": "ConfigFloatSeries", "path": ["monitoring", "cpu"], "min": 0.0, "max": 100.0, "unit": "%"}, "version": 7}
{"obj": {"type": "ClearFloatLog", "path": ["monitoring", "cpu"]}, "version": 8}
{"obj": {"type": "ConfigFloatSeries", "path": ["monitoring", "memory"], "min": 0.0, "max": 15.915447235107422, "unit": "GB"}, "version": 9}
{"obj": {"type": "ClearFloatLog", "path": ["monitoring", "memory"]}, "version": 10}
{"obj": {"type": "ConfigFloatSeries", "path": ["monitoring", "gpu"], "min": 0.0, "max": 100.0, "unit": "%"}, "version": 11}
{"obj": {"type": "ClearFloatLog", "path": ["monitoring", "gpu"]}, "version": 12}
{"obj": {"type": "ConfigFloatSeries", "path": ["monitoring", "gpu_memory"], "min": 0.0, "max": 2.0, "unit": "GB"}, "version": 13}
{"obj": {"type": "ClearFloatLog", "path": ["monitoring", "gpu_memory"]}, "version": 14}
{"obj": {"type": "LogStrings", "path": ["monitoring", "stdout"], "values": [{"value": "", "step": null, "ts": 1652445013.3865418}]}, "version": 15}
{"obj": {"type": "LogStrings", "path": ["monitoring", "stdout"], "values": [{"value": "Remember to stop your run once you\u2019ve finished logging your metadata (https://docs.neptune.ai/api-reference/run#.stop). It will be stopped automatically only when the notebook kernel/interactive console is terminated.\n", "step": null, "ts": 1652445013.3865418}]}, "version": 16}
{"obj": {"type": "AssignInt", "path": ["seed"], "value": 1}, "version": 17}
{"obj": {"type": "AssignFloat", "path": ["parameters", "C"], "value": 0.013969109239681853}, "version": 18}
{"obj": {"type": "AssignString", "path": ["parameters", "penalty"], "value": "l2"}, "version": 19}
{"obj": {"type": "AssignInt", "path": ["parameters", "random_state"], "value": 1}, "version": 20}
{"obj": {"type": "AssignString", "path": ["parameters", "solver"], "value": "saga"}, "version": 21}
{"obj": {"type": "AssignFloat", "path": ["precision"], "value": 0.30710382513661205}, "version": 22}
{"obj": {"type": "AssignFloat", "path": ["recall"], "value": 0.2087906087906088}, "version": 23}
{"obj": {"type": "AssignFloat", "path": ["f1"], "value": 0.1595199127114021}, "version": 24}
{"obj": {"type": "AssignFloat", "path": ["accuracy"], "value": 0.5376344086021505}, "version": 25}
{"obj": {"type": "AssignString", "path": ["tau"], "value": "KendalltauResult(correlation=0.06388509345114951, pvalue=0.34787449486668665)"}, "version": 26}
{"obj": {"type": "LogStrings", "path": ["monitoring", "stdout"], "values": [{"value": "Shutting down background jobs, please wait a moment...\n", "step": null, "ts": 1652445013.4034972}]}, "version": 27}
{"obj": {"type": "LogFloats", "path": ["monitoring", "cpu"], "values": [{"value": 25.0, "step": null, "ts": 1652445013.382552}]}, "version": 28}
{"obj": {"type": "LogFloats", "path": ["monitoring", "memory"], "values": [{"value": 7.820701599121094, "step": null, "ts": 1652445013.382552}]}, "version": 29}
{"obj": {"type": "LogFloats", "path": ["monitoring", "gpu"], "values": [{"value": 6.0, "step": null, "ts": 1652445013.382552}]}, "version": 30}
{"obj": {"type": "LogFloats", "path": ["monitoring", "gpu_memory"], "values": [{"value": 1.3686637878417969, "step": null, "ts": 1652445013.382552}]}, "version": 31}
