{"obj": {"type": "AssignString", "path": ["sys", "name"], "value": "Untitled"}, "version": 1}
{"obj": {"type": "AssignString", "path": ["sys", "description"], "value": ""}, "version": 2}
{"obj": {"type": "AssignString", "path": ["sys", "hostname"], "value": "DESKTOP-NT1DQ20"}, "version": 3}
{"obj": {"type": "AssignBool", "path": ["sys", "failed"], "value": false}, "version": 4}
{"obj": {"type": "ClearStringLog", "path": ["monitoring", "stdout"]}, "version": 5}
{"obj": {"type": "ClearStringLog", "path": ["monitoring", "stderr"]}, "version": 6}
{"obj": {"type": "ConfigFloatSeries", "path": ["monitoring", "cpu"], "min": 0.0, "max": 100.0, "unit": "%"}, "version": 7}
{"obj": {"type": "ClearFloatLog", "path": ["monitoring", "cpu"]}, "version": 8}
{"obj": {"type": "ConfigFloatSeries", "path": ["monitoring", "memory"], "min": 0.0, "max": 15.915447235107422, "unit": "GB"}, "version": 9}
{"obj": {"type": "ClearFloatLog", "path": ["monitoring", "memory"]}, "version": 10}
{"obj": {"type": "ConfigFloatSeries", "path": ["monitoring", "gpu"], "min": 0.0, "max": 100.0, "unit": "%"}, "version": 11}
{"obj": {"type": "ClearFloatLog", "path": ["monitoring", "gpu"]}, "version": 12}
{"obj": {"type": "ConfigFloatSeries", "path": ["monitoring", "gpu_memory"], "min": 0.0, "max": 2.0, "unit": "GB"}, "version": 13}
{"obj": {"type": "ClearFloatLog", "path": ["monitoring", "gpu_memory"]}, "version": 14}
{"obj": {"type": "LogStrings", "path": ["monitoring", "stdout"], "values": [{"value": "", "step": null, "ts": 1652443691.2141128}]}, "version": 15}
{"obj": {"type": "LogStrings", "path": ["monitoring", "stdout"], "values": [{"value": "Remember to stop your run once you\u2019ve finished logging your metadata (https://docs.neptune.ai/api-reference/run#.stop). It will be stopped automatically only when the notebook kernel/interactive console is terminated.\n", "step": null, "ts": 1652443691.2151093}]}, "version": 16}
{"obj": {"type": "LogFloats", "path": ["monitoring", "cpu"], "values": [{"value": 13.9, "step": null, "ts": 1652443691.208129}]}, "version": 17}
{"obj": {"type": "LogFloats", "path": ["monitoring", "memory"], "values": [{"value": 8.136226654052734, "step": null, "ts": 1652443691.208129}]}, "version": 18}
{"obj": {"type": "LogFloats", "path": ["monitoring", "gpu"], "values": [{"value": 5.0, "step": null, "ts": 1652443691.208129}]}, "version": 19}
{"obj": {"type": "LogFloats", "path": ["monitoring", "gpu_memory"], "values": [{"value": 1.2798805236816406, "step": null, "ts": 1652443691.208129}]}, "version": 20}
{"obj": {"type": "LogStrings", "path": ["monitoring", "stderr"], "values": [{"value": "", "step": null, "ts": 1652443701.05863}]}, "version": 21}
{"obj": {"type": "LogStrings", "path": ["monitoring", "stderr"], "values": [{"value": "Warning: string series 'monitoring/stdout' value was longer than 1000 characters and was truncated. This warning is printed only once per series.\n", "step": null, "ts": 1652443701.059629}]}, "version": 22}
{"obj": {"type": "LogStrings", "path": ["monitoring", "stdout"], "values": [{"value": "{\"LogisticRegression\": \"type\", \"MultiCV\": \"function\", \"OrdinalLogitClassifier\": \"type\", \"ParameterGrid\": \"function\", \"Smiles2Fing\": \"function\", \"a\": \"list\", \"aa\": \"DataFrame\", \"best_params\": \"dict\", \"builtins\": \"module\", \"classification_report\": \"function\", \"data_split\": \"function\", \"get_ipython\": \"function\", \"logit\": \"LogisticRegression\", \"max_tau_idx\": \"int64\", \"mgl\": \"DataFrame\", \"mgl_fingerprints\": \"DataFrame\", \"mgl_load\": \"function\", \"mgl_logit_pred\": \"ndarray\", \"mgl_logit_result\": \"DataFrame\", \"mgl_result\": \"function\", \"mgl_y\": \"DataFrame\", \"ml_max_idx\": \"int64\", \"neptune\": \"module\", \"np\": \"module\", \"os\": \"module\", \"params\": \"list\", \"params_dict\": \"dict\", \"path\": \"str\", \"pd\": \"module\", \"plt\": \"module\", \"ppm\": \"DataFrame\", \"ppm_fingerprints\": \"DataFrame\", \"ppm_load\": \"function\", \"ppm_y\": \"DataFrame\", \"random\": \"module\", \"run\": \"Run\", \"seed\": \"int\", \"seed_\": \"int\", \"site\": \"module\", \"stats\": \"module\", \"sys\": \"module\", \"test_mgl_fingerprints\": \"DataFrame\", \"test_mgl_y\": \"Series\", \"t", "step": null, "ts": 1652443701.05863}]}, "version": 23}
{"obj": {"type": "LogStrings", "path": ["monitoring", "stdout"], "values": [{"value": "\n", "step": null, "ts": 1652443701.0606256}]}, "version": 24}
{"obj": {"type": "LogFloats", "path": ["monitoring", "cpu"], "values": [{"value": 52.2, "step": null, "ts": 1652443701.254213}]}, "version": 25}
{"obj": {"type": "LogFloats", "path": ["monitoring", "memory"], "values": [{"value": 8.230175018310547, "step": null, "ts": 1652443701.254213}]}, "version": 26}
{"obj": {"type": "LogFloats", "path": ["monitoring", "gpu"], "values": [{"value": 3.0, "step": null, "ts": 1652443701.254213}]}, "version": 27}
{"obj": {"type": "LogFloats", "path": ["monitoring", "gpu_memory"], "values": [{"value": 1.2822608947753906, "step": null, "ts": 1652443701.254213}]}, "version": 28}
{"obj": {"type": "LogFloats", "path": ["monitoring", "cpu"], "values": [{"value": 21.6, "step": null, "ts": 1652443711.3092892}]}, "version": 29}
{"obj": {"type": "LogFloats", "path": ["monitoring", "memory"], "values": [{"value": 8.243499755859375, "step": null, "ts": 1652443711.3092892}]}, "version": 30}
{"obj": {"type": "LogFloats", "path": ["monitoring", "gpu"], "values": [{"value": 3.0, "step": null, "ts": 1652443711.3092892}]}, "version": 31}
{"obj": {"type": "LogFloats", "path": ["monitoring", "gpu_memory"], "values": [{"value": 1.2908134460449219, "step": null, "ts": 1652443711.3092892}]}, "version": 32}
{"obj": {"type": "LogFloats", "path": ["monitoring", "cpu"], "values": [{"value": 16.9, "step": null, "ts": 1652443721.348751}]}, "version": 33}
{"obj": {"type": "LogFloats", "path": ["monitoring", "memory"], "values": [{"value": 8.197765350341797, "step": null, "ts": 1652443721.348751}]}, "version": 34}
{"obj": {"type": "LogFloats", "path": ["monitoring", "gpu"], "values": [{"value": 2.0, "step": null, "ts": 1652443721.348751}]}, "version": 35}
{"obj": {"type": "LogFloats", "path": ["monitoring", "gpu_memory"], "values": [{"value": 1.2872734069824219, "step": null, "ts": 1652443721.348751}]}, "version": 36}
{"obj": {"type": "LogStrings", "path": ["monitoring", "stdout"], "values": [{"value": "{\"LogisticRegression\": \"type\", \"MultiCV\": \"function\", \"OrdinalLogitClassifier\": \"type\", \"ParameterGrid\": \"function\", \"Smiles2Fing\": \"function\", \"a\": \"list\", \"aa\": \"DataFrame\", \"best_params\": \"dict\", \"builtins\": \"module\", \"classification_report\": \"function\", \"data_split\": \"function\", \"get_ipython\": \"function\", \"logit\": \"LogisticRegression\", \"max_tau_idx\": \"int64\", \"mgl\": \"DataFrame\", \"mgl_fingerprints\": \"DataFrame\", \"mgl_load\": \"function\", \"mgl_logit_pred\": \"ndarray\", \"mgl_logit_result\": \"DataFrame\", \"mgl_result\": \"function\", \"mgl_y\": \"DataFrame\", \"ml_max_idx\": \"int64\", \"neptune\": \"module\", \"np\": \"module\", \"os\": \"module\", \"params\": \"list\", \"params_dict\": \"dict\", \"path\": \"str\", \"pd\": \"module\", \"plt\": \"module\", \"ppm\": \"DataFrame\", \"ppm_fingerprints\": \"DataFrame\", \"ppm_load\": \"function\", \"ppm_y\": \"DataFrame\", \"random\": \"module\", \"run\": \"Run\", \"seed\": \"int\", \"seed_\": \"int\", \"site\": \"module\", \"stats\": \"module\", \"sys\": \"module\", \"test_mgl_fingerprints\": \"DataFrame\", \"test_mgl_y\": \"Series\", \"t", "step": null, "ts": 1652443727.0526392}]}, "version": 37}
{"obj": {"type": "LogStrings", "path": ["monitoring", "stdout"], "values": [{"value": "\n", "step": null, "ts": 1652443727.0526392}]}, "version": 38}
{"obj": {"type": "LogFloats", "path": ["monitoring", "cpu"], "values": [{"value": 20.9, "step": null, "ts": 1652443731.376697}]}, "version": 39}
{"obj": {"type": "LogFloats", "path": ["monitoring", "memory"], "values": [{"value": 8.245616912841797, "step": null, "ts": 1652443731.376697}]}, "version": 40}
{"obj": {"type": "LogFloats", "path": ["monitoring", "gpu"], "values": [{"value": 1.0, "step": null, "ts": 1652443731.376697}]}, "version": 41}
{"obj": {"type": "LogFloats", "path": ["monitoring", "gpu_memory"], "values": [{"value": 1.2935523986816406, "step": null, "ts": 1652443731.376697}]}, "version": 42}
{"obj": {"type": "LogFloats", "path": ["monitoring", "cpu"], "values": [{"value": 22.8, "step": null, "ts": 1652443741.4087737}]}, "version": 43}
{"obj": {"type": "LogFloats", "path": ["monitoring", "memory"], "values": [{"value": 8.288162231445312, "step": null, "ts": 1652443741.4087737}]}, "version": 44}
{"obj": {"type": "LogFloats", "path": ["monitoring", "gpu"], "values": [{"value": 2.0, "step": null, "ts": 1652443741.4087737}]}, "version": 45}
{"obj": {"type": "LogFloats", "path": ["monitoring", "gpu_memory"], "values": [{"value": 1.2925758361816406, "step": null, "ts": 1652443741.4087737}]}, "version": 46}
{"obj": {"type": "LogFloats", "path": ["monitoring", "cpu"], "values": [{"value": 16.1, "step": null, "ts": 1652443751.4342365}]}, "version": 47}
{"obj": {"type": "LogFloats", "path": ["monitoring", "memory"], "values": [{"value": 8.275138854980469, "step": null, "ts": 1652443751.4342365}]}, "version": 48}
{"obj": {"type": "LogFloats", "path": ["monitoring", "gpu"], "values": [{"value": 2.0, "step": null, "ts": 1652443751.4342365}]}, "version": 49}
{"obj": {"type": "LogFloats", "path": ["monitoring", "gpu_memory"], "values": [{"value": 1.3027076721191406, "step": null, "ts": 1652443751.4342365}]}, "version": 50}
{"obj": {"type": "LogFloats", "path": ["monitoring", "cpu"], "values": [{"value": 20.1, "step": null, "ts": 1652443761.4763122}]}, "version": 51}
{"obj": {"type": "LogFloats", "path": ["monitoring", "memory"], "values": [{"value": 8.247062683105469, "step": null, "ts": 1652443761.4763122}]}, "version": 52}
{"obj": {"type": "LogFloats", "path": ["monitoring", "gpu"], "values": [{"value": 12.0, "step": null, "ts": 1652443761.4763122}]}, "version": 53}
{"obj": {"type": "LogFloats", "path": ["monitoring", "gpu_memory"], "values": [{"value": 1.2801246643066406, "step": null, "ts": 1652443761.4763122}]}, "version": 54}
{"obj": {"type": "LogFloats", "path": ["monitoring", "cpu"], "values": [{"value": 23.4, "step": null, "ts": 1652443771.5347753}]}, "version": 55}
{"obj": {"type": "LogFloats", "path": ["monitoring", "memory"], "values": [{"value": 8.295154571533203, "step": null, "ts": 1652443771.5347753}]}, "version": 56}
{"obj": {"type": "LogFloats", "path": ["monitoring", "gpu_memory"], "values": [{"value": 1.2824440002441406, "step": null, "ts": 1652443771.5347753}]}, "version": 57}
{"obj": {"type": "LogFloats", "path": ["monitoring", "cpu"], "values": [{"value": 13.3, "step": null, "ts": 1652443781.5702643}]}, "version": 58}
{"obj": {"type": "LogFloats", "path": ["monitoring", "memory"], "values": [{"value": 8.295955657958984, "step": null, "ts": 1652443781.5702643}]}, "version": 59}
{"obj": {"type": "LogFloats", "path": ["monitoring", "gpu"], "values": [{"value": 19.0, "step": null, "ts": 1652443781.5702643}]}, "version": 60}
{"obj": {"type": "LogFloats", "path": ["monitoring", "gpu_memory"], "values": [{"value": 1.2985572814941406, "step": null, "ts": 1652443781.5702643}]}, "version": 61}
{"obj": {"type": "LogFloats", "path": ["monitoring", "cpu"], "values": [{"value": 33.5, "step": null, "ts": 1652443791.601719}]}, "version": 62}
{"obj": {"type": "LogFloats", "path": ["monitoring", "memory"], "values": [{"value": 8.382194519042969, "step": null, "ts": 1652443791.601719}]}, "version": 63}
{"obj": {"type": "LogFloats", "path": ["monitoring", "gpu"], "values": [{"value": 5.0, "step": null, "ts": 1652443791.601719}]}, "version": 64}
{"obj": {"type": "LogFloats", "path": ["monitoring", "gpu_memory"], "values": [{"value": 1.2922706604003906, "step": null, "ts": 1652443791.601719}]}, "version": 65}
{"obj": {"type": "LogFloats", "path": ["monitoring", "cpu"], "values": [{"value": 23.1, "step": null, "ts": 1652443801.646651}]}, "version": 66}
{"obj": {"type": "LogFloats", "path": ["monitoring", "memory"], "values": [{"value": 8.220890045166016, "step": null, "ts": 1652443801.646651}]}, "version": 67}
{"obj": {"type": "LogFloats", "path": ["monitoring", "gpu"], "values": [{"value": 3.0, "step": null, "ts": 1652443801.646651}]}, "version": 68}
{"obj": {"type": "LogFloats", "path": ["monitoring", "gpu_memory"], "values": [{"value": 1.3054542541503906, "step": null, "ts": 1652443801.646651}]}, "version": 69}
{"obj": {"type": "LogFloats", "path": ["monitoring", "cpu"], "values": [{"value": 32.0, "step": null, "ts": 1652443811.680369}]}, "version": 70}
{"obj": {"type": "LogFloats", "path": ["monitoring", "memory"], "values": [{"value": 8.244041442871094, "step": null, "ts": 1652443811.680369}]}, "version": 71}
{"obj": {"type": "LogFloats", "path": ["monitoring", "gpu"], "values": [{"value": 6.0, "step": null, "ts": 1652443811.680369}]}, "version": 72}
{"obj": {"type": "LogFloats", "path": ["monitoring", "gpu_memory"], "values": [{"value": 1.2980079650878906, "step": null, "ts": 1652443811.680369}]}, "version": 73}
{"obj": {"type": "LogFloats", "path": ["monitoring", "cpu"], "values": [{"value": 36.4, "step": null, "ts": 1652443821.7136593}]}, "version": 74}
{"obj": {"type": "LogFloats", "path": ["monitoring", "memory"], "values": [{"value": 8.318790435791016, "step": null, "ts": 1652443821.7136593}]}, "version": 75}
{"obj": {"type": "LogFloats", "path": ["monitoring", "gpu"], "values": [{"value": 32.0, "step": null, "ts": 1652443821.7136593}]}, "version": 76}
{"obj": {"type": "LogFloats", "path": ["monitoring", "gpu_memory"], "values": [{"value": 1.2999000549316406, "step": null, "ts": 1652443821.7136593}]}, "version": 77}
{"obj": {"type": "LogFloats", "path": ["monitoring", "cpu"], "values": [{"value": 26.4, "step": null, "ts": 1652443831.747222}]}, "version": 78}
{"obj": {"type": "LogFloats", "path": ["monitoring", "memory"], "values": [{"value": 8.331066131591797, "step": null, "ts": 1652443831.747222}]}, "version": 79}
{"obj": {"type": "LogFloats", "path": ["monitoring", "gpu"], "values": [{"value": 26.0, "step": null, "ts": 1652443831.747222}]}, "version": 80}
{"obj": {"type": "LogFloats", "path": ["monitoring", "gpu_memory"], "values": [{"value": 1.3027076721191406, "step": null, "ts": 1652443831.747222}]}, "version": 81}
{"obj": {"type": "LogFloats", "path": ["monitoring", "cpu"], "values": [{"value": 24.3, "step": null, "ts": 1652443841.7837503}]}, "version": 82}
{"obj": {"type": "LogFloats", "path": ["monitoring", "memory"], "values": [{"value": 8.316280364990234, "step": null, "ts": 1652443841.7837503}]}, "version": 83}
{"obj": {"type": "LogFloats", "path": ["monitoring", "gpu_memory"], "values": [{"value": 1.3172950744628906, "step": null, "ts": 1652443841.7837503}]}, "version": 84}
{"obj": {"type": "LogFloats", "path": ["monitoring", "cpu"], "values": [{"value": 23.3, "step": null, "ts": 1652443851.8110287}]}, "version": 85}
{"obj": {"type": "LogFloats", "path": ["monitoring", "memory"], "values": [{"value": 8.34695816040039, "step": null, "ts": 1652443851.8110287}]}, "version": 86}
{"obj": {"type": "LogFloats", "path": ["monitoring", "gpu"], "values": [{"value": 7.0, "step": null, "ts": 1652443851.8110287}]}, "version": 87}
{"obj": {"type": "LogFloats", "path": ["monitoring", "gpu_memory"], "values": [{"value": 1.2998390197753906, "step": null, "ts": 1652443851.8110287}]}, "version": 88}
{"obj": {"type": "LogFloats", "path": ["monitoring", "cpu"], "values": [{"value": 23.7, "step": null, "ts": 1652443861.8641124}]}, "version": 89}
{"obj": {"type": "LogFloats", "path": ["monitoring", "memory"], "values": [{"value": 8.335647583007812, "step": null, "ts": 1652443861.8641124}]}, "version": 90}
{"obj": {"type": "LogFloats", "path": ["monitoring", "gpu"], "values": [{"value": 2.0, "step": null, "ts": 1652443861.8641124}]}, "version": 91}
{"obj": {"type": "LogFloats", "path": ["monitoring", "gpu_memory"], "values": [{"value": 1.3136329650878906, "step": null, "ts": 1652443861.8641124}]}, "version": 92}
{"obj": {"type": "LogFloats", "path": ["monitoring", "cpu"], "values": [{"value": 18.5, "step": null, "ts": 1652443871.893282}]}, "version": 93}
{"obj": {"type": "LogFloats", "path": ["monitoring", "memory"], "values": [{"value": 8.14605712890625, "step": null, "ts": 1652443871.893282}]}, "version": 94}
{"obj": {"type": "LogFloats", "path": ["monitoring", "gpu_memory"], "values": [{"value": 1.2952613830566406, "step": null, "ts": 1652443871.893282}]}, "version": 95}
{"obj": {"type": "LogFloats", "path": ["monitoring", "cpu"], "values": [{"value": 29.4, "step": null, "ts": 1652443881.9476008}]}, "version": 96}
{"obj": {"type": "LogFloats", "path": ["monitoring", "memory"], "values": [{"value": 8.170143127441406, "step": null, "ts": 1652443881.9476008}]}, "version": 97}
{"obj": {"type": "LogFloats", "path": ["monitoring", "gpu"], "values": [{"value": 3.0, "step": null, "ts": 1652443881.9476008}]}, "version": 98}
{"obj": {"type": "LogFloats", "path": ["monitoring", "gpu_memory"], "values": [{"value": 1.3053321838378906, "step": null, "ts": 1652443881.9476008}]}, "version": 99}
{"obj": {"type": "LogFloats", "path": ["monitoring", "cpu"], "values": [{"value": 18.3, "step": null, "ts": 1652443891.9917438}]}, "version": 100}
{"obj": {"type": "LogFloats", "path": ["monitoring", "memory"], "values": [{"value": 8.18454360961914, "step": null, "ts": 1652443891.9917438}]}, "version": 101}
{"obj": {"type": "LogFloats", "path": ["monitoring", "gpu"], "values": [{"value": 2.0, "step": null, "ts": 1652443891.9917438}]}, "version": 102}
{"obj": {"type": "LogFloats", "path": ["monitoring", "gpu_memory"], "values": [{"value": 1.2999000549316406, "step": null, "ts": 1652443891.9917438}]}, "version": 103}
{"obj": {"type": "LogFloats", "path": ["monitoring", "cpu"], "values": [{"value": 19.1, "step": null, "ts": 1652443902.0472028}]}, "version": 104}
{"obj": {"type": "LogFloats", "path": ["monitoring", "memory"], "values": [{"value": 8.196216583251953, "step": null, "ts": 1652443902.0472028}]}, "version": 105}
{"obj": {"type": "LogFloats", "path": ["monitoring", "gpu"], "values": [{"value": 2.0, "step": null, "ts": 1652443902.0472028}]}, "version": 106}
{"obj": {"type": "LogFloats", "path": ["monitoring", "gpu_memory"], "values": [{"value": 1.2997169494628906, "step": null, "ts": 1652443902.0472028}]}, "version": 107}
{"obj": {"type": "LogFloats", "path": ["monitoring", "cpu"], "values": [{"value": 21.9, "step": null, "ts": 1652443912.0804753}]}, "version": 108}
{"obj": {"type": "LogFloats", "path": ["monitoring", "memory"], "values": [{"value": 8.142803192138672, "step": null, "ts": 1652443912.0804753}]}, "version": 109}
{"obj": {"type": "LogFloats", "path": ["monitoring", "gpu"], "values": [{"value": 12.0, "step": null, "ts": 1652443912.0804753}]}, "version": 110}
{"obj": {"type": "LogFloats", "path": ["monitoring", "gpu_memory"], "values": [{"value": 1.3045997619628906, "step": null, "ts": 1652443912.0804753}]}, "version": 111}
{"obj": {"type": "LogFloats", "path": ["monitoring", "cpu"], "values": [{"value": 19.4, "step": null, "ts": 1652443922.1087008}]}, "version": 112}
{"obj": {"type": "LogFloats", "path": ["monitoring", "memory"], "values": [{"value": 8.17849349975586, "step": null, "ts": 1652443922.1087008}]}, "version": 113}
{"obj": {"type": "LogFloats", "path": ["monitoring", "gpu"], "values": [{"value": 6.0, "step": null, "ts": 1652443922.1087008}]}, "version": 114}
{"obj": {"type": "LogFloats", "path": ["monitoring", "gpu_memory"], "values": [{"value": 1.3017463684082031, "step": null, "ts": 1652443922.1087008}]}, "version": 115}
{"obj": {"type": "LogStrings", "path": ["monitoring", "stdout"], "values": [{"value": "{\"LogisticRegression\": \"type\", \"MultiCV\": \"function\", \"OrdinalLogitClassifier\": \"type\", \"ParameterGrid\": \"function\", \"Smiles2Fing\": \"function\", \"a\": \"list\", \"aa\": \"DataFrame\", \"accuracy_score\": \"function\", \"best_params\": \"dict\", \"builtins\": \"module\", \"classification_report\": \"function\", \"data_split\": \"function\", \"f1_score\": \"function\", \"get_ipython\": \"function\", \"logit\": \"LogisticRegression\", \"max_tau_idx\": \"int64\", \"mgl\": \"DataFrame\", \"mgl_fingerprints\": \"DataFrame\", \"mgl_load\": \"function\", \"mgl_logistic\": \"function\", \"mgl_logit_pred\": \"ndarray\", \"mgl_logit_result\": \"DataFrame\", \"mgl_result\": \"function\", \"mgl_y\": \"DataFrame\", \"ml_max_idx\": \"int64\", \"neptune\": \"module\", \"np\": \"module\", \"os\": \"module\", \"params\": \"list\", \"params_dict\": \"dict\", \"path\": \"str\", \"pd\": \"module\", \"plt\": \"module\", \"ppm\": \"DataFrame\", \"ppm_fingerprints\": \"DataFrame\", \"ppm_load\": \"function\", \"ppm_y\": \"DataFrame\", \"precision_score\": \"function\", \"random\": \"module\", \"recall_score\": \"function\", \"roc_auc_score\": \"func", "step": null, "ts": 1652443930.214113}]}, "version": 116}
{"obj": {"type": "LogStrings", "path": ["monitoring", "stdout"], "values": [{"value": "\n", "step": null, "ts": 1652443930.214113}]}, "version": 117}
{"obj": {"type": "LogFloats", "path": ["monitoring", "cpu"], "values": [{"value": 27.5, "step": null, "ts": 1652443932.1449082}]}, "version": 118}
{"obj": {"type": "LogFloats", "path": ["monitoring", "memory"], "values": [{"value": 8.129413604736328, "step": null, "ts": 1652443932.1449082}]}, "version": 119}
{"obj": {"type": "LogFloats", "path": ["monitoring", "gpu_memory"], "values": [{"value": 1.3080329895019531, "step": null, "ts": 1652443932.1449082}]}, "version": 120}
{"obj": {"type": "LogFloats", "path": ["monitoring", "cpu"], "values": [{"value": 10.5, "step": null, "ts": 1652443942.182112}]}, "version": 121}
{"obj": {"type": "LogFloats", "path": ["monitoring", "memory"], "values": [{"value": 8.099998474121094, "step": null, "ts": 1652443942.182112}]}, "version": 122}
{"obj": {"type": "LogFloats", "path": ["monitoring", "gpu"], "values": [{"value": 2.0, "step": null, "ts": 1652443942.182112}]}, "version": 123}
{"obj": {"type": "LogFloats", "path": ["monitoring", "gpu_memory"], "values": [{"value": 1.2981452941894531, "step": null, "ts": 1652443942.182112}]}, "version": 124}
{"obj": {"type": "LogFloats", "path": ["monitoring", "cpu"], "values": [{"value": 26.3, "step": null, "ts": 1652443952.2193716}]}, "version": 125}
{"obj": {"type": "LogFloats", "path": ["monitoring", "memory"], "values": [{"value": 8.134174346923828, "step": null, "ts": 1652443952.2193716}]}, "version": 126}
{"obj": {"type": "LogFloats", "path": ["monitoring", "gpu"], "values": [{"value": 3.0, "step": null, "ts": 1652443952.2193716}]}, "version": 127}
{"obj": {"type": "LogFloats", "path": ["monitoring", "gpu_memory"], "values": [{"value": 1.3060798645019531, "step": null, "ts": 1652443952.2193716}]}, "version": 128}
{"obj": {"type": "LogFloats", "path": ["monitoring", "cpu"], "values": [{"value": 24.5, "step": null, "ts": 1652443962.261156}]}, "version": 129}
{"obj": {"type": "LogFloats", "path": ["monitoring", "memory"], "values": [{"value": 8.184600830078125, "step": null, "ts": 1652443962.261156}]}, "version": 130}
{"obj": {"type": "LogFloats", "path": ["monitoring", "gpu"], "values": [{"value": 3.0, "step": null, "ts": 1652443962.261156}]}, "version": 131}
{"obj": {"type": "LogFloats", "path": ["monitoring", "gpu_memory"], "values": [{"value": 1.3140754699707031, "step": null, "ts": 1652443962.261156}]}, "version": 132}
{"obj": {"type": "LogStrings", "path": ["monitoring", "stderr"], "values": [{"value": "\r  0%|          | 0/400 [00:00<?, ?it/s]", "step": null, "ts": 1652443963.36899}]}, "version": 133}
{"obj": {"type": "LogStrings", "path": ["monitoring", "stderr"], "values": [{"value": "\r  0%|          | 1/400 [00:00<00:50,  7.95it/s]", "step": null, "ts": 1652443963.495736}]}, "version": 134}
{"obj": {"type": "LogStrings", "path": ["monitoring", "stderr"], "values": [{"value": "\r  0%|          | 2/400 [00:00<00:52,  7.51it/s]", "step": null, "ts": 1652443963.6340206}]}, "version": 135}
{"obj": {"type": "LogStrings", "path": ["monitoring", "stderr"], "values": [{"value": "\r  1%|          | 3/400 [00:00<00:55,  7.20it/s]", "step": null, "ts": 1652443963.7806284}]}, "version": 136}
{"obj": {"type": "LogStrings", "path": ["monitoring", "stderr"], "values": [{"value": "\r  1%|          | 4/400 [00:00<01:35,  4.13it/s]", "step": null, "ts": 1652443964.180595}]}, "version": 137}
{"obj": {"type": "LogStrings", "path": ["monitoring", "stderr"], "values": [{"value": "\r  1%|\u258f         | 5/400 [00:00<01:18,  5.04it/s]", "step": null, "ts": 1652443964.3012695}]}, "version": 138}
{"obj": {"type": "LogStrings", "path": ["monitoring", "stderr"], "values": [{"value": "\r  2%|\u258f         | 6/400 [00:01<01:10,  5.58it/s]", "step": null, "ts": 1652443964.4428577}]}, "version": 139}
{"obj": {"type": "LogStrings", "path": ["monitoring", "stderr"], "values": [{"value": "\r  2%|\u258f         | 7/400 [00:01<01:05,  6.01it/s]", "step": null, "ts": 1652443964.5824852}]}, "version": 140}
{"obj": {"type": "LogStrings", "path": ["monitoring", "stderr"], "values": [{"value": "\r  2%|\u258f         | 8/400 [00:01<01:32,  4.23it/s]", "step": null, "ts": 1652443964.9694796}]}, "version": 141}
{"obj": {"type": "LogStrings", "path": ["monitoring", "stderr"], "values": [{"value": "\r  2%|\u258f         | 9/400 [00:01<01:18,  4.97it/s]", "step": null, "ts": 1652443965.0931492}]}, "version": 142}
{"obj": {"type": "LogStrings", "path": ["monitoring", "stderr"], "values": [{"value": "\r  2%|\u258e         | 10/400 [00:01<01:12,  5.36it/s]", "step": null, "ts": 1652443965.247706}]}, "version": 143}
{"obj": {"type": "LogStrings", "path": ["monitoring", "stderr"], "values": [{"value": "\r  3%|\u258e         | 11/400 [00:02<01:07,  5.80it/s]", "step": null, "ts": 1652443965.3873317}]}, "version": 144}
{"obj": {"type": "LogStrings", "path": ["monitoring", "stderr"], "values": [{"value": "\r  3%|\u258e         | 12/400 [00:02<01:35,  4.06it/s]", "step": null, "ts": 1652443965.803251}]}, "version": 145}
{"obj": {"type": "LogStrings", "path": ["monitoring", "stderr"], "values": [{"value": "\r  3%|\u258e         | 13/400 [00:02<01:20,  4.78it/s]", "step": null, "ts": 1652443965.9268239}]}, "version": 146}
{"obj": {"type": "LogStrings", "path": ["monitoring", "stderr"], "values": [{"value": "\r  4%|\u258e         | 14/400 [00:02<01:13,  5.28it/s]", "step": null, "ts": 1652443966.0698676}]}, "version": 147}
{"obj": {"type": "LogStrings", "path": ["monitoring", "stderr"], "values": [{"value": "\r  4%|\u258d         | 15/400 [00:02<01:06,  5.76it/s]", "step": null, "ts": 1652443966.2074997}]}, "version": 148}
{"obj": {"type": "LogStrings", "path": ["monitoring", "stderr"], "values": [{"value": "\r  4%|\u258d         | 16/400 [00:03<01:31,  4.18it/s]", "step": null, "ts": 1652443966.598332}]}, "version": 149}
{"obj": {"type": "LogStrings", "path": ["monitoring", "stderr"], "values": [{"value": "\r  4%|\u258d         | 17/400 [00:03<01:18,  4.91it/s]", "step": null, "ts": 1652443966.7199757}]}, "version": 150}
{"obj": {"type": "LogStrings", "path": ["monitoring", "stderr"], "values": [{"value": "\r  4%|\u258d         | 18/400 [00:03<01:11,  5.36it/s]", "step": null, "ts": 1652443966.8665836}]}, "version": 151}
{"obj": {"type": "LogStrings", "path": ["monitoring", "stderr"], "values": [{"value": "\r  5%|\u258d         | 19/400 [00:03<01:07,  5.65it/s]", "step": null, "ts": 1652443967.021171}]}, "version": 152}
{"obj": {"type": "LogStrings", "path": ["monitoring", "stderr"], "values": [{"value": "\r  5%|\u258c         | 20/400 [00:04<01:32,  4.10it/s]", "step": null, "ts": 1652443967.4211323}]}, "version": 153}
{"obj": {"type": "LogStrings", "path": ["monitoring", "stderr"], "values": [{"value": "\r  5%|\u258c         | 21/400 [00:04<01:18,  4.81it/s]", "step": null, "ts": 1652443967.5455983}]}, "version": 154}
{"obj": {"type": "LogStrings", "path": ["monitoring", "stderr"], "values": [{"value": "\r  6%|\u258c         | 22/400 [00:04<01:10,  5.33it/s]", "step": null, "ts": 1652443967.6858506}]}, "version": 155}
{"obj": {"type": "LogStrings", "path": ["monitoring", "stderr"], "values": [{"value": "\r  6%|\u258c         | 23/400 [00:04<01:05,  5.77it/s]", "step": null, "ts": 1652443967.8258932}]}, "version": 156}
{"obj": {"type": "LogStrings", "path": ["monitoring", "stderr"], "values": [{"value": "\r  6%|\u258c         | 24/400 [00:04<01:30,  4.14it/s]", "step": null, "ts": 1652443968.22679}]}, "version": 157}
{"obj": {"type": "LogStrings", "path": ["monitoring", "stderr"], "values": [{"value": "\r  6%|\u258b         | 25/400 [00:04<01:17,  4.85it/s]", "step": null, "ts": 1652443968.350224}]}, "version": 158}
{"obj": {"type": "LogStrings", "path": ["monitoring", "stderr"], "values": [{"value": "\r  6%|\u258b         | 26/400 [00:05<01:09,  5.39it/s]", "step": null, "ts": 1652443968.487858}]}, "version": 159}
{"obj": {"type": "LogStrings", "path": ["monitoring", "stderr"], "values": [{"value": "", "step": null, "ts": 1652443968.5257256}]}, "version": 160}
{"obj": {"type": "LogStrings", "path": ["monitoring", "stderr"], "values": [{"value": "\r  6%|\u258b         | 26/400 [00:05<01:14,  5.04it/s]", "step": null, "ts": 1652443968.5257256}]}, "version": 161}
{"obj": {"type": "LogStrings", "path": ["monitoring", "stderr"], "values": [{"value": "\n", "step": null, "ts": 1652443968.5267236}]}, "version": 162}
{"obj": {"type": "LogStrings", "path": ["monitoring", "stdout"], "values": [{"value": "Shutting down background jobs, please wait a moment...\n", "step": null, "ts": 1652443970.9806156}]}, "version": 163}
